This is pdfTeX, Version 3.141592653-2.6-1.40.24 (MiKTeX 22.7) (preloaded format=pdflatex 2023.1.11)  7 APR 2023 11:04
entering extended mode
 restricted \write18 enabled.
 %&-line parsing enabled.
**"./Robust Linear Regression.tex"
(Robust Linear Regression.tex
LaTeX2e <2022-06-01> patch level 5
L3 programming layer <2022-07-04>
(C:\Users\Arvind Rathnashyam\AppData\Local\Programs\MiKTeX\tex/latex/base\artic
le.cls
Document Class: article 2021/10/04 v1.4n Standard LaTeX document class

(C:\Users\Arvind Rathnashyam\AppData\Local\Programs\MiKTeX\tex/latex/base\size1
0.clo
File: size10.clo 2021/10/04 v1.4n Standard LaTeX file (size option)
)
\c@part=\count185
\c@section=\count186
\c@subsection=\count187
\c@subsubsection=\count188
\c@paragraph=\count189
\c@subparagraph=\count190
\c@figure=\count191
\c@table=\count192
\abovecaptionskip=\skip47
\belowcaptionskip=\skip48
\bibindent=\dimen138
) (iclr2023_conference.sty
(C:\Users\Arvind Rathnashyam\AppData\Local\Programs\MiKTeX\tex/latex/eso-pic\es
o-pic.sty
Package: eso-pic 2020/10/14 v3.0a eso-pic (RN)
\ESO@tempdima=\dimen139
\ESO@tempdimb=\dimen140

(C:\Users\Arvind Rathnashyam\AppData\Local\Programs\MiKTeX\tex/latex/graphics\k
eyval.sty
Package: keyval 2022/05/29 v1.15 key=value parser (DPC)
\KV@toks@=\toks16
)
(C:\Users\Arvind Rathnashyam\AppData\Local\Programs\MiKTeX\tex/latex/xcolor\xco
lor.sty
Package: xcolor 2022/06/12 v2.14 LaTeX color extensions (UK)

(C:\Users\Arvind Rathnashyam\AppData\Local\Programs\MiKTeX\tex/latex/graphics-c
fg\color.cfg
File: color.cfg 2016/01/02 v1.6 sample color configuration
)
Package xcolor Info: Driver file: pdftex.def on input line 227.

(C:\Users\Arvind Rathnashyam\AppData\Local\Programs\MiKTeX\tex/latex/graphics-d
ef\pdftex.def
File: pdftex.def 2020/10/05 v1.2a Graphics/color driver for pdftex
)
(C:\Users\Arvind Rathnashyam\AppData\Local\Programs\MiKTeX\tex/latex-dev/graphi
cs\mathcolor.ltx)
Package xcolor Info: Model `cmy' substituted by `cmy0' on input line 1353.
Package xcolor Info: Model `hsb' substituted by `rgb' on input line 1357.
Package xcolor Info: Model `RGB' extended on input line 1369.
Package xcolor Info: Model `HTML' substituted by `rgb' on input line 1371.
Package xcolor Info: Model `Hsb' substituted by `hsb' on input line 1372.
Package xcolor Info: Model `tHsb' substituted by `hsb' on input line 1373.
Package xcolor Info: Model `HSB' substituted by `hsb' on input line 1374.
Package xcolor Info: Model `Gray' substituted by `gray' on input line 1375.
Package xcolor Info: Model `wave' substituted by `hsb' on input line 1376.
)) (fancyhdr.sty
\fancy@headwidth=\skip49
\f@ncyO@elh=\skip50
\f@ncyO@erh=\skip51
\f@ncyO@olh=\skip52
\f@ncyO@orh=\skip53
\f@ncyO@elf=\skip54
\f@ncyO@erf=\skip55
\f@ncyO@olf=\skip56
\f@ncyO@orf=\skip57
) (natbib.sty
Package: natbib 2009/07/16 8.31 (PWD, AO)
\bibhang=\skip58
\bibsep=\skip59
LaTeX Info: Redefining \cite on input line 694.
\c@NAT@ctr=\count193
))
(C:\Users\Arvind Rathnashyam\AppData\Local\Programs\MiKTeX\tex/latex/psnfss\tim
es.sty
Package: times 2020/03/25 PSNFSS-v9.3 (SPQR) 
) (math_commands.tex
(C:\Users\Arvind Rathnashyam\AppData\Local\Programs\MiKTeX\tex/latex/amsmath\am
smath.sty
Package: amsmath 2022/04/08 v2.17n AMS math features
\@mathmargin=\skip60

For additional information on amsmath, use the `?' option.

(C:\Users\Arvind Rathnashyam\AppData\Local\Programs\MiKTeX\tex/latex/amsmath\am
stext.sty
Package: amstext 2021/08/26 v2.01 AMS text

(C:\Users\Arvind Rathnashyam\AppData\Local\Programs\MiKTeX\tex/latex/amsmath\am
sgen.sty
File: amsgen.sty 1999/11/30 v2.0 generic functions
\@emptytoks=\toks17
\ex@=\dimen141
))
(C:\Users\Arvind Rathnashyam\AppData\Local\Programs\MiKTeX\tex/latex/amsmath\am
sbsy.sty
Package: amsbsy 1999/11/29 v1.2d Bold Symbols
\pmbraise@=\dimen142
)
(C:\Users\Arvind Rathnashyam\AppData\Local\Programs\MiKTeX\tex/latex/amsmath\am
sopn.sty
Package: amsopn 2022/04/08 v2.04 operator names
)
\inf@bad=\count194
LaTeX Info: Redefining \frac on input line 234.
\uproot@=\count195
\leftroot@=\count196
LaTeX Info: Redefining \overline on input line 399.
LaTeX Info: Redefining \colon on input line 410.
\classnum@=\count197
\DOTSCASE@=\count198
LaTeX Info: Redefining \ldots on input line 496.
LaTeX Info: Redefining \dots on input line 499.
LaTeX Info: Redefining \cdots on input line 620.
\Mathstrutbox@=\box51
\strutbox@=\box52
LaTeX Info: Redefining \big on input line 722.
LaTeX Info: Redefining \Big on input line 723.
LaTeX Info: Redefining \bigg on input line 724.
LaTeX Info: Redefining \Bigg on input line 725.
\big@size=\dimen143
LaTeX Font Info:    Redeclaring font encoding OML on input line 743.
LaTeX Font Info:    Redeclaring font encoding OMS on input line 744.
\macc@depth=\count199
LaTeX Info: Redefining \bmod on input line 905.
LaTeX Info: Redefining \pmod on input line 910.
LaTeX Info: Redefining \smash on input line 940.
LaTeX Info: Redefining \relbar on input line 970.
LaTeX Info: Redefining \Relbar on input line 971.
\c@MaxMatrixCols=\count266
\dotsspace@=\muskip16
\c@parentequation=\count267
\dspbrk@lvl=\count268
\tag@help=\toks18
\row@=\count269
\column@=\count270
\maxfields@=\count271
\andhelp@=\toks19
\eqnshift@=\dimen144
\alignsep@=\dimen145
\tagshift@=\dimen146
\tagwidth@=\dimen147
\totwidth@=\dimen148
\lineht@=\dimen149
\@envbody=\toks20
\multlinegap=\skip61
\multlinetaggap=\skip62
\mathdisplay@stack=\toks21
LaTeX Info: Redefining \[ on input line 2953.
LaTeX Info: Redefining \] on input line 2954.
)
(C:\Users\Arvind Rathnashyam\AppData\Local\Programs\MiKTeX\tex/latex/amsfonts\a
msfonts.sty
Package: amsfonts 2013/01/14 v3.01 Basic AMSFonts support
\symAMSa=\mathgroup4
\symAMSb=\mathgroup5
LaTeX Font Info:    Redeclaring math symbol \hbar on input line 98.
LaTeX Font Info:    Overwriting math alphabet `\mathfrak' in version `bold'
(Font)                  U/euf/m/n --> U/euf/b/n on input line 106.
)
(C:\Users\Arvind Rathnashyam\AppData\Local\Programs\MiKTeX\tex/latex/tools\bm.s
ty
Package: bm 2021/04/25 v1.2e Bold Symbol Support (DPC/FMi)
\symboldoperators=\mathgroup6
\symboldletters=\mathgroup7
\symboldsymbols=\mathgroup8
Package bm Info: No bold for \OMX/cmex/m/n, using \pmb.
Package bm Info: No bold for \U/msa/m/n, using \pmb.
Package bm Info: No bold for \U/msb/m/n, using \pmb.
LaTeX Font Info:    Redeclaring math alphabet \mathbf on input line 149.
)
LaTeX Font Info:    Overwriting math alphabet `\mathsfit' in version `bold'
(Font)                  OT1/phv/m/sl --> OT1/phv/bx/n on input line 319.
)
(C:\Users\Arvind Rathnashyam\AppData\Local\Programs\MiKTeX\tex/latex/amscls\ams
thm.sty
Package: amsthm 2020/05/29 v2.20.6
\thm@style=\toks22
\thm@bodyfont=\toks23
\thm@headfont=\toks24
\thm@notefont=\toks25
\thm@headpunct=\toks26
\thm@preskip=\skip63
\thm@postskip=\skip64
\thm@headsep=\skip65
\dth@everypar=\toks27
)
(C:\Users\Arvind Rathnashyam\AppData\Local\Programs\MiKTeX\tex/latex/thmtools\t
hmtools.sty
Package: thmtools 2023/02/17 v0.75
\thmt@toks=\toks28
\c@thmt@dummyctr=\count272

(C:\Users\Arvind Rathnashyam\AppData\Local\Programs\MiKTeX\tex/latex/thmtools\t
hm-patch.sty
Package: thm-patch 2023/02/17 v0.75

(C:\Users\Arvind Rathnashyam\AppData\Local\Programs\MiKTeX\tex/latex/thmtools\p
arseargs.sty
Package: parseargs 2023/02/17 v0.75
\@parsespec=\toks29
))
(C:\Users\Arvind Rathnashyam\AppData\Local\Programs\MiKTeX\tex/latex/thmtools\t
hm-kv.sty
Package: thm-kv 2023/02/17 v0.75
Package thm-kv Info: Theorem names will be uppercased on input line 42.

(C:\Users\Arvind Rathnashyam\AppData\Local\Programs\MiKTeX\tex/latex/kvsetkeys\
kvsetkeys.sty
Package: kvsetkeys 2022-10-05 v1.19 Key value parser (HO)
)
Package thm-kv Info: kvsetkeys patch (v1.16 or later) on input line 158.
)
(C:\Users\Arvind Rathnashyam\AppData\Local\Programs\MiKTeX\tex/latex/thmtools\t
hm-autoref.sty
Package: thm-autoref 2023/02/17 v0.75

(C:\Users\Arvind Rathnashyam\AppData\Local\Programs\MiKTeX\tex/latex/thmtools\a
liasctr.sty
Package: aliasctr 2023/02/17 v0.75
))
(C:\Users\Arvind Rathnashyam\AppData\Local\Programs\MiKTeX\tex/latex/thmtools\t
hm-listof.sty
Package: thm-listof 2023/02/17 v0.75
)
(C:\Users\Arvind Rathnashyam\AppData\Local\Programs\MiKTeX\tex/latex/thmtools\t
hm-restate.sty
Package: thm-restate 2023/02/17 v0.75
)
(C:\Users\Arvind Rathnashyam\AppData\Local\Programs\MiKTeX\tex/latex/thmtools\t
hm-amsthm.sty
Package: thm-amsthm 2023/02/17 v0.75
\thmt@style@headstyle=\toks30
))
(C:\Users\Arvind Rathnashyam\AppData\Local\Programs\MiKTeX\tex/latex/mathtools\
mathtools.sty
Package: mathtools 2022/06/29 v1.29 mathematical typesetting tools

(C:\Users\Arvind Rathnashyam\AppData\Local\Programs\MiKTeX\tex/latex/tools\calc
.sty
Package: calc 2017/05/25 v4.3 Infix arithmetic (KKT,FJ)
\calc@Acount=\count273
\calc@Bcount=\count274
\calc@Adimen=\dimen150
\calc@Bdimen=\dimen151
\calc@Askip=\skip66
\calc@Bskip=\skip67
LaTeX Info: Redefining \setlength on input line 80.
LaTeX Info: Redefining \addtolength on input line 81.
\calc@Ccount=\count275
\calc@Cskip=\skip68
)
(C:\Users\Arvind Rathnashyam\AppData\Local\Programs\MiKTeX\tex/latex/mathtools\
mhsetup.sty
Package: mhsetup 2021/03/18 v1.4 programming setup (MH)
)
\g_MT_multlinerow_int=\count276
\l_MT_multwidth_dim=\dimen152
\origjot=\skip69
\l_MT_shortvdotswithinadjustabove_dim=\dimen153
\l_MT_shortvdotswithinadjustbelow_dim=\dimen154
\l_MT_above_intertext_sep=\dimen155
\l_MT_below_intertext_sep=\dimen156
\l_MT_above_shortintertext_sep=\dimen157
\l_MT_below_shortintertext_sep=\dimen158
\xmathstrut@box=\box53
\xmathstrut@dim=\dimen159
)
(C:\Users\Arvind Rathnashyam\AppData\Local\Programs\MiKTeX\tex/latex/caption\su
bcaption.sty
Package: subcaption 2022/01/07 v1.5 Sub-captions (AR)

(C:\Users\Arvind Rathnashyam\AppData\Local\Programs\MiKTeX\tex/latex/caption\ca
ption.sty
Package: caption 2022/03/01 v3.6b Customizing captions (AR)

(C:\Users\Arvind Rathnashyam\AppData\Local\Programs\MiKTeX\tex/latex/caption\ca
ption3.sty
Package: caption3 2022/03/17 v2.3b caption3 kernel (AR)
\caption@tempdima=\dimen160
\captionmargin=\dimen161
\caption@leftmargin=\dimen162
\caption@rightmargin=\dimen163
\caption@width=\dimen164
\caption@indent=\dimen165
\caption@parindent=\dimen166
\caption@hangindent=\dimen167
Package caption Info: Standard document class detected.
)
\c@caption@flags=\count277
\c@continuedfloat=\count278
)
\c@subfigure=\count279
\c@subtable=\count280
)
(C:\Users\Arvind Rathnashyam\AppData\Local\Programs\MiKTeX\tex/latex/bbm\bbm.st
y
Package: bbm 1999/03/15 V 1.2 provides fonts for set symbols - TH
LaTeX Font Info:    Overwriting math alphabet `\mathbbm' in version `bold'
(Font)                  U/bbm/m/n --> U/bbm/bx/n on input line 33.
LaTeX Font Info:    Overwriting math alphabet `\mathbbmss' in version `bold'
(Font)                  U/bbmss/m/n --> U/bbmss/bx/n on input line 35.
)
(C:\Users\Arvind Rathnashyam\AppData\Local\Programs\MiKTeX\tex/latex/colortbl\c
olortbl.sty
Package: colortbl 2022/06/20 v1.0f Color table columns (DPC)

(C:\Users\Arvind Rathnashyam\AppData\Local\Programs\MiKTeX\tex/latex/tools\arra
y.sty
Package: array 2021/10/04 v2.5f Tabular extension package (FMi)
\col@sep=\dimen168
\ar@mcellbox=\box54
\extrarowheight=\dimen169
\NC@list=\toks31
\extratabsurround=\skip70
\backup@length=\skip71
\ar@cellbox=\box55
)
\everycr=\toks32
\minrowclearance=\skip72
\rownum=\count281
)
(C:\Users\Arvind Rathnashyam\AppData\Local\Programs\MiKTeX\tex/latex/hyperref\h
yperref.sty
Package: hyperref 2022-06-20 v7.00s Hypertext links for LaTeX

(C:\Users\Arvind Rathnashyam\AppData\Local\Programs\MiKTeX\tex/generic/ltxcmds\
ltxcmds.sty
Package: ltxcmds 2020-05-10 v1.25 LaTeX kernel commands for general use (HO)
)
(C:\Users\Arvind Rathnashyam\AppData\Local\Programs\MiKTeX\tex/generic/iftex\if
tex.sty
Package: iftex 2022/02/03 v1.0f TeX engine tests
)
(C:\Users\Arvind Rathnashyam\AppData\Local\Programs\MiKTeX\tex/generic/pdftexcm
ds\pdftexcmds.sty
Package: pdftexcmds 2020-06-27 v0.33 Utility functions of pdfTeX for LuaTeX (HO
)

(C:\Users\Arvind Rathnashyam\AppData\Local\Programs\MiKTeX\tex/generic/infwarer
r\infwarerr.sty
Package: infwarerr 2019/12/03 v1.5 Providing info/warning/error messages (HO)
)
Package pdftexcmds Info: \pdf@primitive is available.
Package pdftexcmds Info: \pdf@ifprimitive is available.
Package pdftexcmds Info: \pdfdraftmode found.
)
(C:\Users\Arvind Rathnashyam\AppData\Local\Programs\MiKTeX\tex/generic/kvdefine
keys\kvdefinekeys.sty
Package: kvdefinekeys 2019-12-19 v1.6 Define keys (HO)
)
(C:\Users\Arvind Rathnashyam\AppData\Local\Programs\MiKTeX\tex/generic/pdfescap
e\pdfescape.sty
Package: pdfescape 2019/12/09 v1.15 Implements pdfTeX's escape features (HO)
)
(C:\Users\Arvind Rathnashyam\AppData\Local\Programs\MiKTeX\tex/latex/hycolor\hy
color.sty
Package: hycolor 2020-01-27 v1.10 Color options for hyperref/bookmark (HO)
)
(C:\Users\Arvind Rathnashyam\AppData\Local\Programs\MiKTeX\tex/latex/letltxmacr
o\letltxmacro.sty
Package: letltxmacro 2019/12/03 v1.6 Let assignment for LaTeX macros (HO)
)
(C:\Users\Arvind Rathnashyam\AppData\Local\Programs\MiKTeX\tex/latex/auxhook\au
xhook.sty
Package: auxhook 2019-12-17 v1.6 Hooks for auxiliary files (HO)
)
(C:\Users\Arvind Rathnashyam\AppData\Local\Programs\MiKTeX\tex/latex/hyperref\n
ameref.sty
Package: nameref 2022-05-17 v2.50 Cross-referencing by name of section

(C:\Users\Arvind Rathnashyam\AppData\Local\Programs\MiKTeX\tex/latex/refcount\r
efcount.sty
Package: refcount 2019/12/15 v3.6 Data extraction from label references (HO)
)
(C:\Users\Arvind Rathnashyam\AppData\Local\Programs\MiKTeX\tex/generic/gettitle
string\gettitlestring.sty
Package: gettitlestring 2019/12/15 v1.6 Cleanup title references (HO)

(C:\Users\Arvind Rathnashyam\AppData\Local\Programs\MiKTeX\tex/latex/kvoptions\
kvoptions.sty
Package: kvoptions 2022-06-15 v3.15 Key value format for package options (HO)
))
\c@section@level=\count282
)
\@linkdim=\dimen170
\Hy@linkcounter=\count283
\Hy@pagecounter=\count284

(C:\Users\Arvind Rathnashyam\AppData\Local\Programs\MiKTeX\tex/latex/hyperref\p
d1enc.def
File: pd1enc.def 2022-06-20 v7.00s Hyperref: PDFDocEncoding definition (HO)
Now handling font encoding PD1 ...
... no UTF-8 mapping file for font encoding PD1
)
(C:\Users\Arvind Rathnashyam\AppData\Local\Programs\MiKTeX\tex/generic/intcalc\
intcalc.sty
Package: intcalc 2019/12/15 v1.3 Expandable calculations with integers (HO)
)
(C:\Users\Arvind Rathnashyam\AppData\Local\Programs\MiKTeX\tex/generic/etexcmds
\etexcmds.sty
Package: etexcmds 2019/12/15 v1.7 Avoid name clashes with e-TeX commands (HO)
)
\Hy@SavedSpaceFactor=\count285

(C:\Users\Arvind Rathnashyam\AppData\Local\Programs\MiKTeX\tex/latex/hyperref\p
uenc.def
File: puenc.def 2022-06-20 v7.00s Hyperref: PDF Unicode definition (HO)
Now handling font encoding PU ...
... no UTF-8 mapping file for font encoding PU
)
Package hyperref Info: Hyper figures OFF on input line 4162.
Package hyperref Info: Link nesting OFF on input line 4167.
Package hyperref Info: Hyper index ON on input line 4170.
Package hyperref Info: Plain pages OFF on input line 4177.
Package hyperref Info: Backreferencing OFF on input line 4182.
Package hyperref Info: Implicit mode ON; LaTeX internals redefined.
Package hyperref Info: Bookmarks ON on input line 4408.
\c@Hy@tempcnt=\count286

(C:\Users\Arvind Rathnashyam\AppData\Local\Programs\MiKTeX\tex/latex/url\url.st
y
\Urlmuskip=\muskip17
Package: url 2013/09/16  ver 3.4  Verb mode for urls, etc.
)
LaTeX Info: Redefining \url on input line 4746.
\XeTeXLinkMargin=\dimen171

(C:\Users\Arvind Rathnashyam\AppData\Local\Programs\MiKTeX\tex/generic/bitset\b
itset.sty
Package: bitset 2019/12/09 v1.3 Handle bit-vector datatype (HO)

(C:\Users\Arvind Rathnashyam\AppData\Local\Programs\MiKTeX\tex/generic/bigintca
lc\bigintcalc.sty
Package: bigintcalc 2019/12/15 v1.5 Expandable calculations on big integers (HO
)
))
\Fld@menulength=\count287
\Field@Width=\dimen172
\Fld@charsize=\dimen173
Package hyperref Info: Hyper figures OFF on input line 6024.
Package hyperref Info: Link nesting OFF on input line 6029.
Package hyperref Info: Hyper index ON on input line 6032.
Package hyperref Info: backreferencing OFF on input line 6039.
Package hyperref Info: Link coloring OFF on input line 6044.
Package hyperref Info: Link coloring with OCG OFF on input line 6049.
Package hyperref Info: PDF/A mode OFF on input line 6054.

(C:\Users\Arvind Rathnashyam\AppData\Local\Programs\MiKTeX\tex/latex/base\atbeg
shi-ltx.sty
Package: atbegshi-ltx 2021/01/10 v1.0c Emulation of the original atbegshi
package with kernel methods
)
\Hy@abspage=\count288
\c@Item=\count289
\c@Hfootnote=\count290
)
Package hyperref Info: Driver (autodetected): hpdftex.

(C:\Users\Arvind Rathnashyam\AppData\Local\Programs\MiKTeX\tex/latex/hyperref\h
pdftex.def
File: hpdftex.def 2022-06-20 v7.00s Hyperref driver for pdfTeX

(C:\Users\Arvind Rathnashyam\AppData\Local\Programs\MiKTeX\tex/latex/base\atver
yend-ltx.sty
Package: atveryend-ltx 2020/08/19 v1.0a Emulation of the original atveryend pac
kage
with kernel methods
)
\Fld@listcount=\count291
\c@bookmark@seq@number=\count292

(C:\Users\Arvind Rathnashyam\AppData\Local\Programs\MiKTeX\tex/latex/rerunfilec
heck\rerunfilecheck.sty
Package: rerunfilecheck 2022-07-10 v1.10 Rerun checks for auxiliary files (HO)

(C:\Users\Arvind Rathnashyam\AppData\Local\Programs\MiKTeX\tex/generic/uniqueco
unter\uniquecounter.sty
Package: uniquecounter 2019/12/15 v1.4 Provide unlimited unique counter (HO)
)
Package uniquecounter Info: New unique counter `rerunfilecheck' on input line 2
85.
)
\Hy@SectionHShift=\skip73
)
(C:\Users\Arvind Rathnashyam\AppData\Local\Programs\MiKTeX\tex/latex/cleveref\c
leveref.sty
Package: cleveref 2018/03/27 v0.21.4 Intelligent cross-referencing
Package cleveref Info: `hyperref' support loaded on input line 2370.
LaTeX Info: Redefining \cref on input line 2370.
LaTeX Info: Redefining \Cref on input line 2370.
LaTeX Info: Redefining \crefrange on input line 2370.
LaTeX Info: Redefining \Crefrange on input line 2370.
LaTeX Info: Redefining \cpageref on input line 2370.
LaTeX Info: Redefining \Cpageref on input line 2370.
LaTeX Info: Redefining \cpagerefrange on input line 2370.
LaTeX Info: Redefining \Cpagerefrange on input line 2370.
LaTeX Info: Redefining \labelcref on input line 2370.
LaTeX Info: Redefining \labelcpageref on input line 2370.
Package cleveref Info: `amsthm' support loaded on input line 3026.
)
(C:\Users\Arvind Rathnashyam\AppData\Local\Programs\MiKTeX\tex/latex/pgf/fronte
ndlayer\tikz.sty
(C:\Users\Arvind Rathnashyam\AppData\Local\Programs\MiKTeX\tex/latex/pgf/basicl
ayer\pgf.sty
(C:\Users\Arvind Rathnashyam\AppData\Local\Programs\MiKTeX\tex/latex/pgf/utilit
ies\pgfrcs.sty
(C:\Users\Arvind Rathnashyam\AppData\Local\Programs\MiKTeX\tex/generic/pgf/util
ities\pgfutil-common.tex
\pgfutil@everybye=\toks33
\pgfutil@tempdima=\dimen174
\pgfutil@tempdimb=\dimen175

(C:\Users\Arvind Rathnashyam\AppData\Local\Programs\MiKTeX\tex/generic/pgf/util
ities\pgfutil-common-lists.tex))
(C:\Users\Arvind Rathnashyam\AppData\Local\Programs\MiKTeX\tex/generic/pgf/util
ities\pgfutil-latex.def
\pgfutil@abb=\box56
)
(C:\Users\Arvind Rathnashyam\AppData\Local\Programs\MiKTeX\tex/generic/pgf/util
ities\pgfrcs.code.tex
(C:\Users\Arvind Rathnashyam\AppData\Local\Programs\MiKTeX\tex/generic/pgf\pgf.
revision.tex)
Package: pgfrcs 2021/05/15 v3.1.9a (3.1.9a)
))
Package: pgf 2021/05/15 v3.1.9a (3.1.9a)

(C:\Users\Arvind Rathnashyam\AppData\Local\Programs\MiKTeX\tex/latex/pgf/basicl
ayer\pgfcore.sty
(C:\Users\Arvind Rathnashyam\AppData\Local\Programs\MiKTeX\tex/latex/graphics\g
raphicx.sty
Package: graphicx 2021/09/16 v1.2d Enhanced LaTeX Graphics (DPC,SPQR)

(C:\Users\Arvind Rathnashyam\AppData\Local\Programs\MiKTeX\tex/latex/graphics\g
raphics.sty
Package: graphics 2022/03/10 v1.4e Standard LaTeX Graphics (DPC,SPQR)

(C:\Users\Arvind Rathnashyam\AppData\Local\Programs\MiKTeX\tex/latex/graphics\t
rig.sty
Package: trig 2021/08/11 v1.11 sin cos tan (DPC)
)
(C:\Users\Arvind Rathnashyam\AppData\Local\Programs\MiKTeX\tex/latex/graphics-c
fg\graphics.cfg
File: graphics.cfg 2016/06/04 v1.11 sample graphics configuration
)
Package graphics Info: Driver file: pdftex.def on input line 107.
)
\Gin@req@height=\dimen176
\Gin@req@width=\dimen177
)
(C:\Users\Arvind Rathnashyam\AppData\Local\Programs\MiKTeX\tex/latex/pgf/system
layer\pgfsys.sty
(C:\Users\Arvind Rathnashyam\AppData\Local\Programs\MiKTeX\tex/generic/pgf/syst
emlayer\pgfsys.code.tex
Package: pgfsys 2021/05/15 v3.1.9a (3.1.9a)

(C:\Users\Arvind Rathnashyam\AppData\Local\Programs\MiKTeX\tex/generic/pgf/util
ities\pgfkeys.code.tex
\pgfkeys@pathtoks=\toks34
\pgfkeys@temptoks=\toks35

(C:\Users\Arvind Rathnashyam\AppData\Local\Programs\MiKTeX\tex/generic/pgf/util
ities\pgfkeysfiltered.code.tex
\pgfkeys@tmptoks=\toks36
))
\pgf@x=\dimen178
\pgf@y=\dimen179
\pgf@xa=\dimen180
\pgf@ya=\dimen181
\pgf@xb=\dimen182
\pgf@yb=\dimen183
\pgf@xc=\dimen184
\pgf@yc=\dimen185
\pgf@xd=\dimen186
\pgf@yd=\dimen187
\w@pgf@writea=\write3
\r@pgf@reada=\read2
\c@pgf@counta=\count293
\c@pgf@countb=\count294
\c@pgf@countc=\count295
\c@pgf@countd=\count296
\t@pgf@toka=\toks37
\t@pgf@tokb=\toks38
\t@pgf@tokc=\toks39
\pgf@sys@id@count=\count297

(C:\Users\Arvind Rathnashyam\AppData\Local\Programs\MiKTeX\tex/generic/pgf/syst
emlayer\pgf.cfg
File: pgf.cfg 2021/05/15 v3.1.9a (3.1.9a)
)
Driver file for pgf: pgfsys-pdftex.def

(C:\Users\Arvind Rathnashyam\AppData\Local\Programs\MiKTeX\tex/generic/pgf/syst
emlayer\pgfsys-pdftex.def
File: pgfsys-pdftex.def 2021/05/15 v3.1.9a (3.1.9a)

(C:\Users\Arvind Rathnashyam\AppData\Local\Programs\MiKTeX\tex/generic/pgf/syst
emlayer\pgfsys-common-pdf.def
File: pgfsys-common-pdf.def 2021/05/15 v3.1.9a (3.1.9a)
)))
(C:\Users\Arvind Rathnashyam\AppData\Local\Programs\MiKTeX\tex/generic/pgf/syst
emlayer\pgfsyssoftpath.code.tex
File: pgfsyssoftpath.code.tex 2021/05/15 v3.1.9a (3.1.9a)
\pgfsyssoftpath@smallbuffer@items=\count298
\pgfsyssoftpath@bigbuffer@items=\count299
)
(C:\Users\Arvind Rathnashyam\AppData\Local\Programs\MiKTeX\tex/generic/pgf/syst
emlayer\pgfsysprotocol.code.tex
File: pgfsysprotocol.code.tex 2021/05/15 v3.1.9a (3.1.9a)
))
(C:\Users\Arvind Rathnashyam\AppData\Local\Programs\MiKTeX\tex/generic/pgf/basi
clayer\pgfcore.code.tex
Package: pgfcore 2021/05/15 v3.1.9a (3.1.9a)

(C:\Users\Arvind Rathnashyam\AppData\Local\Programs\MiKTeX\tex/generic/pgf/math
\pgfmath.code.tex
(C:\Users\Arvind Rathnashyam\AppData\Local\Programs\MiKTeX\tex/generic/pgf/math
\pgfmathcalc.code.tex
(C:\Users\Arvind Rathnashyam\AppData\Local\Programs\MiKTeX\tex/generic/pgf/math
\pgfmathutil.code.tex)
(C:\Users\Arvind Rathnashyam\AppData\Local\Programs\MiKTeX\tex/generic/pgf/math
\pgfmathparser.code.tex
\pgfmath@dimen=\dimen188
\pgfmath@count=\count300
\pgfmath@box=\box57
\pgfmath@toks=\toks40
\pgfmath@stack@operand=\toks41
\pgfmath@stack@operation=\toks42
)
(C:\Users\Arvind Rathnashyam\AppData\Local\Programs\MiKTeX\tex/generic/pgf/math
\pgfmathfunctions.code.tex
(C:\Users\Arvind Rathnashyam\AppData\Local\Programs\MiKTeX\tex/generic/pgf/math
\pgfmathfunctions.basic.code.tex)
(C:\Users\Arvind Rathnashyam\AppData\Local\Programs\MiKTeX\tex/generic/pgf/math
\pgfmathfunctions.trigonometric.code.tex)
(C:\Users\Arvind Rathnashyam\AppData\Local\Programs\MiKTeX\tex/generic/pgf/math
\pgfmathfunctions.random.code.tex)
(C:\Users\Arvind Rathnashyam\AppData\Local\Programs\MiKTeX\tex/generic/pgf/math
\pgfmathfunctions.comparison.code.tex)
(C:\Users\Arvind Rathnashyam\AppData\Local\Programs\MiKTeX\tex/generic/pgf/math
\pgfmathfunctions.base.code.tex)
(C:\Users\Arvind Rathnashyam\AppData\Local\Programs\MiKTeX\tex/generic/pgf/math
\pgfmathfunctions.round.code.tex)
(C:\Users\Arvind Rathnashyam\AppData\Local\Programs\MiKTeX\tex/generic/pgf/math
\pgfmathfunctions.misc.code.tex)
(C:\Users\Arvind Rathnashyam\AppData\Local\Programs\MiKTeX\tex/generic/pgf/math
\pgfmathfunctions.integerarithmetics.code.tex)))
(C:\Users\Arvind Rathnashyam\AppData\Local\Programs\MiKTeX\tex/generic/pgf/math
\pgfmathfloat.code.tex
\c@pgfmathroundto@lastzeros=\count301
))
(C:\Users\Arvind Rathnashyam\AppData\Local\Programs\MiKTeX\tex/generic/pgf/math
\pgfint.code.tex)
(C:\Users\Arvind Rathnashyam\AppData\Local\Programs\MiKTeX\tex/generic/pgf/basi
clayer\pgfcorepoints.code.tex
File: pgfcorepoints.code.tex 2021/05/15 v3.1.9a (3.1.9a)
\pgf@picminx=\dimen189
\pgf@picmaxx=\dimen190
\pgf@picminy=\dimen191
\pgf@picmaxy=\dimen192
\pgf@pathminx=\dimen193
\pgf@pathmaxx=\dimen194
\pgf@pathminy=\dimen195
\pgf@pathmaxy=\dimen196
\pgf@xx=\dimen197
\pgf@xy=\dimen198
\pgf@yx=\dimen199
\pgf@yy=\dimen256
\pgf@zx=\dimen257
\pgf@zy=\dimen258
)
(C:\Users\Arvind Rathnashyam\AppData\Local\Programs\MiKTeX\tex/generic/pgf/basi
clayer\pgfcorepathconstruct.code.tex
File: pgfcorepathconstruct.code.tex 2021/05/15 v3.1.9a (3.1.9a)
\pgf@path@lastx=\dimen259
\pgf@path@lasty=\dimen260
)
(C:\Users\Arvind Rathnashyam\AppData\Local\Programs\MiKTeX\tex/generic/pgf/basi
clayer\pgfcorepathusage.code.tex
File: pgfcorepathusage.code.tex 2021/05/15 v3.1.9a (3.1.9a)
\pgf@shorten@end@additional=\dimen261
\pgf@shorten@start@additional=\dimen262
)
(C:\Users\Arvind Rathnashyam\AppData\Local\Programs\MiKTeX\tex/generic/pgf/basi
clayer\pgfcorescopes.code.tex
File: pgfcorescopes.code.tex 2021/05/15 v3.1.9a (3.1.9a)
\pgfpic=\box58
\pgf@hbox=\box59
\pgf@layerbox@main=\box60
\pgf@picture@serial@count=\count302
)
(C:\Users\Arvind Rathnashyam\AppData\Local\Programs\MiKTeX\tex/generic/pgf/basi
clayer\pgfcoregraphicstate.code.tex
File: pgfcoregraphicstate.code.tex 2021/05/15 v3.1.9a (3.1.9a)
\pgflinewidth=\dimen263
)
(C:\Users\Arvind Rathnashyam\AppData\Local\Programs\MiKTeX\tex/generic/pgf/basi
clayer\pgfcoretransformations.code.tex
File: pgfcoretransformations.code.tex 2021/05/15 v3.1.9a (3.1.9a)
\pgf@pt@x=\dimen264
\pgf@pt@y=\dimen265
\pgf@pt@temp=\dimen266
)
(C:\Users\Arvind Rathnashyam\AppData\Local\Programs\MiKTeX\tex/generic/pgf/basi
clayer\pgfcorequick.code.tex
File: pgfcorequick.code.tex 2021/05/15 v3.1.9a (3.1.9a)
)
(C:\Users\Arvind Rathnashyam\AppData\Local\Programs\MiKTeX\tex/generic/pgf/basi
clayer\pgfcoreobjects.code.tex
File: pgfcoreobjects.code.tex 2021/05/15 v3.1.9a (3.1.9a)
)
(C:\Users\Arvind Rathnashyam\AppData\Local\Programs\MiKTeX\tex/generic/pgf/basi
clayer\pgfcorepathprocessing.code.tex
File: pgfcorepathprocessing.code.tex 2021/05/15 v3.1.9a (3.1.9a)
)
(C:\Users\Arvind Rathnashyam\AppData\Local\Programs\MiKTeX\tex/generic/pgf/basi
clayer\pgfcorearrows.code.tex
File: pgfcorearrows.code.tex 2021/05/15 v3.1.9a (3.1.9a)
\pgfarrowsep=\dimen267
)
(C:\Users\Arvind Rathnashyam\AppData\Local\Programs\MiKTeX\tex/generic/pgf/basi
clayer\pgfcoreshade.code.tex
File: pgfcoreshade.code.tex 2021/05/15 v3.1.9a (3.1.9a)
\pgf@max=\dimen268
\pgf@sys@shading@range@num=\count303
\pgf@shadingcount=\count304
)
(C:\Users\Arvind Rathnashyam\AppData\Local\Programs\MiKTeX\tex/generic/pgf/basi
clayer\pgfcoreimage.code.tex
File: pgfcoreimage.code.tex 2021/05/15 v3.1.9a (3.1.9a)

(C:\Users\Arvind Rathnashyam\AppData\Local\Programs\MiKTeX\tex/generic/pgf/basi
clayer\pgfcoreexternal.code.tex
File: pgfcoreexternal.code.tex 2021/05/15 v3.1.9a (3.1.9a)
\pgfexternal@startupbox=\box61
))
(C:\Users\Arvind Rathnashyam\AppData\Local\Programs\MiKTeX\tex/generic/pgf/basi
clayer\pgfcorelayers.code.tex
File: pgfcorelayers.code.tex 2021/05/15 v3.1.9a (3.1.9a)
)
(C:\Users\Arvind Rathnashyam\AppData\Local\Programs\MiKTeX\tex/generic/pgf/basi
clayer\pgfcoretransparency.code.tex
File: pgfcoretransparency.code.tex 2021/05/15 v3.1.9a (3.1.9a)
)
(C:\Users\Arvind Rathnashyam\AppData\Local\Programs\MiKTeX\tex/generic/pgf/basi
clayer\pgfcorepatterns.code.tex
File: pgfcorepatterns.code.tex 2021/05/15 v3.1.9a (3.1.9a)
)
(C:\Users\Arvind Rathnashyam\AppData\Local\Programs\MiKTeX\tex/generic/pgf/basi
clayer\pgfcorerdf.code.tex
File: pgfcorerdf.code.tex 2021/05/15 v3.1.9a (3.1.9a)
)))
(C:\Users\Arvind Rathnashyam\AppData\Local\Programs\MiKTeX\tex/generic/pgf/modu
les\pgfmoduleshapes.code.tex
File: pgfmoduleshapes.code.tex 2021/05/15 v3.1.9a (3.1.9a)
\pgfnodeparttextbox=\box62
)
(C:\Users\Arvind Rathnashyam\AppData\Local\Programs\MiKTeX\tex/generic/pgf/modu
les\pgfmoduleplot.code.tex
File: pgfmoduleplot.code.tex 2021/05/15 v3.1.9a (3.1.9a)
)
(C:\Users\Arvind Rathnashyam\AppData\Local\Programs\MiKTeX\tex/latex/pgf/compat
ibility\pgfcomp-version-0-65.sty
Package: pgfcomp-version-0-65 2021/05/15 v3.1.9a (3.1.9a)
\pgf@nodesepstart=\dimen269
\pgf@nodesepend=\dimen270
)
(C:\Users\Arvind Rathnashyam\AppData\Local\Programs\MiKTeX\tex/latex/pgf/compat
ibility\pgfcomp-version-1-18.sty
Package: pgfcomp-version-1-18 2021/05/15 v3.1.9a (3.1.9a)
))
(C:\Users\Arvind Rathnashyam\AppData\Local\Programs\MiKTeX\tex/latex/pgf/utilit
ies\pgffor.sty
(C:\Users\Arvind Rathnashyam\AppData\Local\Programs\MiKTeX\tex/latex/pgf/utilit
ies\pgfkeys.sty
(C:\Users\Arvind Rathnashyam\AppData\Local\Programs\MiKTeX\tex/generic/pgf/util
ities\pgfkeys.code.tex))
(C:\Users\Arvind Rathnashyam\AppData\Local\Programs\MiKTeX\tex/latex/pgf/math\p
gfmath.sty
(C:\Users\Arvind Rathnashyam\AppData\Local\Programs\MiKTeX\tex/generic/pgf/math
\pgfmath.code.tex))
(C:\Users\Arvind Rathnashyam\AppData\Local\Programs\MiKTeX\tex/generic/pgf/util
ities\pgffor.code.tex
Package: pgffor 2021/05/15 v3.1.9a (3.1.9a)

(C:\Users\Arvind Rathnashyam\AppData\Local\Programs\MiKTeX\tex/generic/pgf/math
\pgfmath.code.tex)
\pgffor@iter=\dimen271
\pgffor@skip=\dimen272
\pgffor@stack=\toks43
\pgffor@toks=\toks44
))
(C:\Users\Arvind Rathnashyam\AppData\Local\Programs\MiKTeX\tex/generic/pgf/fron
tendlayer/tikz\tikz.code.tex
Package: tikz 2021/05/15 v3.1.9a (3.1.9a)

(C:\Users\Arvind Rathnashyam\AppData\Local\Programs\MiKTeX\tex/generic/pgf/libr
aries\pgflibraryplothandlers.code.tex
File: pgflibraryplothandlers.code.tex 2021/05/15 v3.1.9a (3.1.9a)
\pgf@plot@mark@count=\count305
\pgfplotmarksize=\dimen273
)
\tikz@lastx=\dimen274
\tikz@lasty=\dimen275
\tikz@lastxsaved=\dimen276
\tikz@lastysaved=\dimen277
\tikz@lastmovetox=\dimen278
\tikz@lastmovetoy=\dimen279
\tikzleveldistance=\dimen280
\tikzsiblingdistance=\dimen281
\tikz@figbox=\box63
\tikz@figbox@bg=\box64
\tikz@tempbox=\box65
\tikz@tempbox@bg=\box66
\tikztreelevel=\count306
\tikznumberofchildren=\count307
\tikznumberofcurrentchild=\count308
\tikz@fig@count=\count309

(C:\Users\Arvind Rathnashyam\AppData\Local\Programs\MiKTeX\tex/generic/pgf/modu
les\pgfmodulematrix.code.tex
File: pgfmodulematrix.code.tex 2021/05/15 v3.1.9a (3.1.9a)
\pgfmatrixcurrentrow=\count310
\pgfmatrixcurrentcolumn=\count311
\pgf@matrix@numberofcolumns=\count312
)
\tikz@expandcount=\count313

(C:\Users\Arvind Rathnashyam\AppData\Local\Programs\MiKTeX\tex/generic/pgf/fron
tendlayer/tikz/libraries\tikzlibrarytopaths.code.tex
File: tikzlibrarytopaths.code.tex 2021/05/15 v3.1.9a (3.1.9a)
)))
(C:\Users\Arvind Rathnashyam\AppData\Local\Programs\MiKTeX\tex/latex/pgfplots\p
gfplots.sty
(C:\Users\Arvind Rathnashyam\AppData\Local\Programs\MiKTeX\tex/generic/pgfplots
\pgfplots.revision.tex)
Package: pgfplots 2021/05/15 v1.18.1 Data Visualization (1.18.1)

(C:\Users\Arvind Rathnashyam\AppData\Local\Programs\MiKTeX\tex/generic/pgfplots
\pgfplots.code.tex
(C:\Users\Arvind Rathnashyam\AppData\Local\Programs\MiKTeX\tex/generic/pgfplots
\pgfplotscore.code.tex
\t@pgfplots@toka=\toks45
\t@pgfplots@tokb=\toks46
\t@pgfplots@tokc=\toks47
\pgfplots@tmpa=\dimen282
\c@pgfplots@coordindex=\count314
\c@pgfplots@scanlineindex=\count315

(C:\Users\Arvind Rathnashyam\AppData\Local\Programs\MiKTeX\tex/generic/pgfplots
/sys\pgfplotssysgeneric.code.tex))
(C:\Users\Arvind Rathnashyam\AppData\Local\Programs\MiKTeX\tex/generic/pgfplots
/libs\pgfplotslibrary.code.tex)
(C:\Users\Arvind Rathnashyam\AppData\Local\Programs\MiKTeX\tex/generic/pgfplots
/oldpgfcompatib\pgfplotsoldpgfsupp_loader.code.tex
(C:\Users\Arvind Rathnashyam\AppData\Local\Programs\MiKTeX\tex/generic/pgf/libr
aries\pgflibraryfpu.code.tex))
(C:\Users\Arvind Rathnashyam\AppData\Local\Programs\MiKTeX\tex/generic/pgfplots
/util\pgfplotsutil.code.tex
(C:\Users\Arvind Rathnashyam\AppData\Local\Programs\MiKTeX\tex/generic/pgfplots
/liststructure\pgfplotsliststructure.code.tex)
(C:\Users\Arvind Rathnashyam\AppData\Local\Programs\MiKTeX\tex/generic/pgfplots
/liststructure\pgfplotsliststructureext.code.tex)
(C:\Users\Arvind Rathnashyam\AppData\Local\Programs\MiKTeX\tex/generic/pgfplots
/liststructure\pgfplotsarray.code.tex
\c@pgfplotsarray@tmp=\count316
)
(C:\Users\Arvind Rathnashyam\AppData\Local\Programs\MiKTeX\tex/generic/pgfplots
/liststructure\pgfplotsmatrix.code.tex)
(C:\Users\Arvind Rathnashyam\AppData\Local\Programs\MiKTeX\tex/generic/pgfplots
/numtable\pgfplotstableshared.code.tex
\c@pgfplotstable@counta=\count317
\t@pgfplotstable@a=\toks48
)
(C:\Users\Arvind Rathnashyam\AppData\Local\Programs\MiKTeX\tex/generic/pgfplots
/liststructure\pgfplotsdeque.code.tex)
(C:\Users\Arvind Rathnashyam\AppData\Local\Programs\MiKTeX\tex/generic/pgfplots
/util\pgfplotsbinary.code.tex
(C:\Users\Arvind Rathnashyam\AppData\Local\Programs\MiKTeX\tex/generic/pgfplots
/util\pgfplotsbinary.data.code.tex))
(C:\Users\Arvind Rathnashyam\AppData\Local\Programs\MiKTeX\tex/generic/pgfplots
/util\pgfplotsutil.verb.code.tex)
(C:\Users\Arvind Rathnashyam\AppData\Local\Programs\MiKTeX\tex/generic/pgfplots
/libs\pgflibrarypgfplots.surfshading.code.tex
\c@pgfplotslibrarysurf@no=\count318

(C:\Users\Arvind Rathnashyam\AppData\Local\Programs\MiKTeX\tex/generic/pgfplots
/sys\pgflibrarypgfplots.surfshading.pgfsys-pdftex.def)))
(C:\Users\Arvind Rathnashyam\AppData\Local\Programs\MiKTeX\tex/generic/pgfplots
/util\pgfplotscolormap.code.tex
(C:\Users\Arvind Rathnashyam\AppData\Local\Programs\MiKTeX\tex/generic/pgfplots
/util\pgfplotscolor.code.tex))
(C:\Users\Arvind Rathnashyam\AppData\Local\Programs\MiKTeX\tex/generic/pgfplots
\pgfplotsstackedplots.code.tex)
(C:\Users\Arvind Rathnashyam\AppData\Local\Programs\MiKTeX\tex/generic/pgfplots
\pgfplotsplothandlers.code.tex
(C:\Users\Arvind Rathnashyam\AppData\Local\Programs\MiKTeX\tex/generic/pgfplots
\pgfplotsmeshplothandler.code.tex
(C:\Users\Arvind Rathnashyam\AppData\Local\Programs\MiKTeX\tex/generic/pgfplots
\pgfplotsmeshplotimage.code.tex)))
(C:\Users\Arvind Rathnashyam\AppData\Local\Programs\MiKTeX\tex/generic/pgfplots
\pgfplots.scaling.code.tex)
(C:\Users\Arvind Rathnashyam\AppData\Local\Programs\MiKTeX\tex/generic/pgfplots
\pgfplotscoordprocessing.code.tex)
(C:\Users\Arvind Rathnashyam\AppData\Local\Programs\MiKTeX\tex/generic/pgfplots
\pgfplots.errorbars.code.tex)
(C:\Users\Arvind Rathnashyam\AppData\Local\Programs\MiKTeX\tex/generic/pgfplots
\pgfplots.markers.code.tex)
(C:\Users\Arvind Rathnashyam\AppData\Local\Programs\MiKTeX\tex/generic/pgfplots
\pgfplotsticks.code.tex)
(C:\Users\Arvind Rathnashyam\AppData\Local\Programs\MiKTeX\tex/generic/pgfplots
\pgfplots.paths.code.tex)
(C:\Users\Arvind Rathnashyam\AppData\Local\Programs\MiKTeX\tex/generic/pgf/fron
tendlayer/tikz/libraries\tikzlibrarydecorations.code.tex
(C:\Users\Arvind Rathnashyam\AppData\Local\Programs\MiKTeX\tex/generic/pgf/modu
les\pgfmoduledecorations.code.tex
\pgfdecoratedcompleteddistance=\dimen283
\pgfdecoratedremainingdistance=\dimen284
\pgfdecoratedinputsegmentcompleteddistance=\dimen285
\pgfdecoratedinputsegmentremainingdistance=\dimen286
\pgf@decorate@distancetomove=\dimen287
\pgf@decorate@repeatstate=\count319
\pgfdecorationsegmentamplitude=\dimen288
\pgfdecorationsegmentlength=\dimen289
)
\tikz@lib@dec@box=\box67
)
(C:\Users\Arvind Rathnashyam\AppData\Local\Programs\MiKTeX\tex/generic/pgf/fron
tendlayer/tikz/libraries\tikzlibrarydecorations.pathmorphing.code.tex
(C:\Users\Arvind Rathnashyam\AppData\Local\Programs\MiKTeX\tex/generic/pgf/libr
aries/decorations\pgflibrarydecorations.pathmorphing.code.tex))
(C:\Users\Arvind Rathnashyam\AppData\Local\Programs\MiKTeX\tex/generic/pgf/fron
tendlayer/tikz/libraries\tikzlibrarydecorations.pathreplacing.code.tex
(C:\Users\Arvind Rathnashyam\AppData\Local\Programs\MiKTeX\tex/generic/pgf/libr
aries/decorations\pgflibrarydecorations.pathreplacing.code.tex))
(C:\Users\Arvind Rathnashyam\AppData\Local\Programs\MiKTeX\tex/generic/pgfplots
/libs\tikzlibrarypgfplots.contourlua.code.tex)
\pgfplots@numplots=\count320
\pgfplots@xmin@reg=\dimen290
\pgfplots@xmax@reg=\dimen291
\pgfplots@ymin@reg=\dimen292
\pgfplots@ymax@reg=\dimen293
\pgfplots@zmin@reg=\dimen294
\pgfplots@zmax@reg=\dimen295
)
(C:\Users\Arvind Rathnashyam\AppData\Local\Programs\MiKTeX\tex/generic/pgf/fron
tendlayer/tikz/libraries\tikzlibraryplotmarks.code.tex
File: tikzlibraryplotmarks.code.tex 2021/05/15 v3.1.9a (3.1.9a)

(C:\Users\Arvind Rathnashyam\AppData\Local\Programs\MiKTeX\tex/generic/pgf/libr
aries\pgflibraryplotmarks.code.tex
File: pgflibraryplotmarks.code.tex 2021/05/15 v3.1.9a (3.1.9a)
)))
(C:\Users\Arvind Rathnashyam\AppData\Local\Programs\MiKTeX\tex/latex/float\floa
t.sty
Package: float 2001/11/08 v1.3d Float enhancements (AL)
\c@float@type=\count321
\float@exts=\toks49
\float@box=\box68
\@float@everytoks=\toks50
\@floatcapt=\box69
)
(C:\Users\Arvind Rathnashyam\AppData\Local\Programs\MiKTeX\tex/generic/pgf/fron
tendlayer/tikz/libraries/datavisualization\tikzlibrarydatavisualization.formats
.functions.code.tex
File: tikzlibrarydatavisualization.formats.functions.code.tex 2021/05/15 v3.1.9
a (3.1.9a)

(C:\Users\Arvind Rathnashyam\AppData\Local\Programs\MiKTeX\tex/generic/pgf/fron
tendlayer/tikz/libraries/datavisualization\tikzlibrarydatavisualization.code.te
x
File: tikzlibrarydatavisualization.code.tex 2021/05/15 v3.1.9a (3.1.9a)

(C:\Users\Arvind Rathnashyam\AppData\Local\Programs\MiKTeX\tex/generic/pgf/modu
les\pgfmoduledatavisualization.code.tex
File: pgfmoduledatavisualization.code.tex 2021/05/15 v3.1.9a (3.1.9a)

(C:\Users\Arvind Rathnashyam\AppData\Local\Programs\MiKTeX\tex/generic/pgf/modu
les\pgfmoduleoo.code.tex
\pgfoo@objectcount=\count322
\pgfoothis@count=\count323
\pgfoo@toks=\toks51
)
\pgf@lib@dv@cache@count=\count324
\pgf@lib@dv@cache@count=\count325
)
(C:\Users\Arvind Rathnashyam\AppData\Local\Programs\MiKTeX\tex/generic/pgf/fron
tendlayer/tikz/libraries\tikzlibrarybackgrounds.code.tex
File: tikzlibrarybackgrounds.code.tex 2021/05/15 v3.1.9a (3.1.9a)
\pgf@layerbox@background=\box70
\pgf@layerboxsaved@background=\box71
)
\tikzdvvisualizercounter=\count326
)
(C:\Users\Arvind Rathnashyam\AppData\Local\Programs\MiKTeX\tex/generic/pgf/libr
aries/datavisualization\pgflibrarydatavisualization.formats.functions.code.tex
File: pgflibrarydatavisualization.formats.functions.code.tex 2021/05/15 v3.1.9a
 (3.1.9a)
))
(C:\Users\Arvind Rathnashyam\AppData\Local\Programs\MiKTeX\tex/generic/pgfplots
/libs\tikzlibrarypgfplots.fillbetween.code.tex
(C:\Users\Arvind Rathnashyam\AppData\Local\Programs\MiKTeX\tex/generic/pgfplots
/pgfcontrib\tikzlibraryfillbetween.code.tex
(C:\Users\Arvind Rathnashyam\AppData\Local\Programs\MiKTeX\tex/generic/pgf/fron
tendlayer/tikz/libraries\tikzlibraryintersections.code.tex
(C:\Users\Arvind Rathnashyam\AppData\Local\Programs\MiKTeX\tex/generic/pgf/libr
aries\pgflibraryintersections.code.tex
\pgf@intersect@solutions=\count327
))
(C:\Users\Arvind Rathnashyam\AppData\Local\Programs\MiKTeX\tex/generic/pgfplots
/pgfcontrib\tikzlibrarydecorations.softclip.code.tex
(C:\Users\Arvind Rathnashyam\AppData\Local\Programs\MiKTeX\tex/generic/pgfplots
/pgfcontrib\pgflibraryfillbetween.code.tex)))
(C:\Users\Arvind Rathnashyam\AppData\Local\Programs\MiKTeX\tex/generic/pgfplots
/libs\tikzlibrarypgfplots.decorations.softclip.code.tex))
(C:\Users\Arvind Rathnashyam\AppData\Local\Programs\MiKTeX\tex/generic/pgfplots
/libs\tikzlibrarypgfplots.groupplots.code.tex
\pgfplots@group@current@plot=\count328
\pgfplots@group@current@row=\count329
\pgfplots@group@current@column=\count330

(C:\Users\Arvind Rathnashyam\AppData\Local\Programs\MiKTeX\tex/generic/pgf/fron
tendlayer/tikz/libraries\tikzlibrarycalc.code.tex
File: tikzlibrarycalc.code.tex 2021/05/15 v3.1.9a (3.1.9a)
))
(C:\Users\Arvind Rathnashyam\AppData\Local\Programs\MiKTeX\tex/generic/pgf/fron
tendlayer/tikz/libraries\tikzlibrarymatrix.code.tex
File: tikzlibrarymatrix.code.tex 2021/05/15 v3.1.9a (3.1.9a)
)
\c@thm=\count331
\c@lemma=\count332
\c@definition=\count333
\c@assumption=\count334
\c@interpretation=\count335
\c@proposition=\count336
\c@corollary=\count337

(C:\Users\Arvind Rathnashyam\AppData\Local\Programs\MiKTeX\tex/latex/algorithm2
e\algorithm2e.sty
Package: algorithm2e 2017/07/18 v5.2 algorithms environments
\c@AlgoLine=\count338

(C:\Users\Arvind Rathnashyam\AppData\Local\Programs\MiKTeX\tex/latex/base\ifthe
n.sty
Package: ifthen 2022/04/13 v1.1d Standard LaTeX ifthen package (DPC)
)
\algocf@hangindent=\skip74

(C:\Users\Arvind Rathnashyam\AppData\Local\Programs\MiKTeX\tex/latex/ifoddpage\
ifoddpage.sty
Package: ifoddpage 2022/10/18 v1.2 Conditionals for odd/even page detection
\c@checkoddpage=\count339
)
(C:\Users\Arvind Rathnashyam\AppData\Local\Programs\MiKTeX\tex/latex/tools\xspa
ce.sty
Package: xspace 2014/10/28 v1.13 Space after command names (DPC,MH)
)
(C:\Users\Arvind Rathnashyam\AppData\Local\Programs\MiKTeX\tex/latex/relsize\re
lsize.sty
Package: relsize 2013/03/29 ver 4.1
)
\skiptotal=\skip75
\skiplinenumber=\skip76
\skiprule=\skip77
\skiphlne=\skip78
\skiptext=\skip79
\skiplength=\skip80
\algomargin=\skip81
\skipalgocfslide=\skip82
\algowidth=\dimen296
\inoutsize=\dimen297
\inoutindent=\dimen298
\interspacetitleruled=\dimen299
\interspacealgoruled=\dimen300
\interspacetitleboxruled=\dimen301
\algocf@ruledwidth=\skip83
\algocf@inoutbox=\box72
\algocf@inputbox=\box73
\AlCapSkip=\skip84
\AlCapHSkip=\skip85
\algoskipindent=\skip86
\algocf@nlbox=\box74
\algocf@hangingbox=\box75
\algocf@untilbox=\box76
\algocf@skipuntil=\skip87
\algocf@capbox=\box77
\algocf@lcaptionbox=\skip88
\algoheightruledefault=\skip89
\algoheightrule=\skip90
\algotitleheightruledefault=\skip91
\algotitleheightrule=\skip92
\c@algocfline=\count340
\c@algocfproc=\count341
\c@algocf=\count342
\algocf@algoframe=\box78
\algocf@algobox=\box79
)
(C:\Users\Arvind Rathnashyam\AppData\Local\Programs\MiKTeX\tex/latex/appendix\a
ppendix.sty
Package: appendix 2020/02/08 v1.2c extra appendix facilities
\c@@pps=\count343
\c@@ppsavesec=\count344
\c@@ppsaveapp=\count345
)
(C:\Users\Arvind Rathnashyam\AppData\Local\Programs\MiKTeX\tex/latex/titlesec\t
itletoc.sty
Package: titletoc 2021/07/05 v2.14 TOC entries
\ttl@leftsep=\dimen302
)
(C:\Users\Arvind Rathnashyam\AppData\Local\Programs\MiKTeX\tex/latex/booktabs\b
ooktabs.sty
Package: booktabs 2020/01/12 v1.61803398 Publication quality tables
\heavyrulewidth=\dimen303
\lightrulewidth=\dimen304
\cmidrulewidth=\dimen305
\belowrulesep=\dimen306
\belowbottomsep=\dimen307
\aboverulesep=\dimen308
\abovetopsep=\dimen309
\cmidrulesep=\dimen310
\cmidrulekern=\dimen311
\defaultaddspace=\dimen312
\@cmidla=\count346
\@cmidlb=\count347
\@aboverulesep=\dimen313
\@belowrulesep=\dimen314
\@thisruleclass=\count348
\@lastruleclass=\count349
\@thisrulewidth=\dimen315
)
(C:\Users\Arvind Rathnashyam\AppData\Local\Programs\MiKTeX\tex/latex/tools\dcol
umn.sty
Package: dcolumn 2014/10/28 v1.06 decimal alignment package (DPC)
)
LaTeX Font Info:    Trying to load font information for OT1+ptm on input line 1
00.

(C:\Users\Arvind Rathnashyam\AppData\Local\Programs\MiKTeX\tex/latex/psnfss\ot1
ptm.fd
File: ot1ptm.fd 2001/06/04 font definitions for OT1/ptm.
)
(C:\Users\Arvind Rathnashyam\AppData\Local\Programs\MiKTeX\tex/latex/l3backend\
l3backend-pdftex.def
File: l3backend-pdftex.def 2022-07-01 L3 backend support: PDF output (pdfTeX)
\l__color_backend_stack_int=\count350
\l__pdf_internal_box=\box80
) (Robust Linear Regression.aux)
\openout1 = `"Robust Linear Regression.aux"'.

LaTeX Font Info:    Checking defaults for OML/cmm/m/it on input line 100.
LaTeX Font Info:    ... okay on input line 100.
LaTeX Font Info:    Checking defaults for OMS/cmsy/m/n on input line 100.
LaTeX Font Info:    ... okay on input line 100.
LaTeX Font Info:    Checking defaults for OT1/cmr/m/n on input line 100.
LaTeX Font Info:    ... okay on input line 100.
LaTeX Font Info:    Checking defaults for T1/cmr/m/n on input line 100.
LaTeX Font Info:    ... okay on input line 100.
LaTeX Font Info:    Checking defaults for TS1/cmr/m/n on input line 100.
LaTeX Font Info:    ... okay on input line 100.
LaTeX Font Info:    Checking defaults for OMX/cmex/m/n on input line 100.
LaTeX Font Info:    ... okay on input line 100.
LaTeX Font Info:    Checking defaults for U/cmr/m/n on input line 100.
LaTeX Font Info:    ... okay on input line 100.
LaTeX Font Info:    Checking defaults for PD1/pdf/m/n on input line 100.
LaTeX Font Info:    ... okay on input line 100.
LaTeX Font Info:    Checking defaults for PU/pdf/m/n on input line 100.
LaTeX Font Info:    ... okay on input line 100.

(C:\Users\Arvind Rathnashyam\AppData\Local\Programs\MiKTeX\tex/context/base/mki
i\supp-pdf.mkii
[Loading MPS to PDF converter (version 2006.09.02).]
\scratchcounter=\count351
\scratchdimen=\dimen316
\scratchbox=\box81
\nofMPsegments=\count352
\nofMParguments=\count353
\everyMPshowfont=\toks52
\MPscratchCnt=\count354
\MPscratchDim=\dimen317
\MPnumerator=\count355
\makeMPintoPDFobject=\count356
\everyMPtoPDFconversion=\toks53
)
(C:\Users\Arvind Rathnashyam\AppData\Local\Programs\MiKTeX\tex/latex/epstopdf-p
kg\epstopdf-base.sty
Package: epstopdf-base 2020-01-24 v2.11 Base part for package epstopdf
Package epstopdf-base Info: Redefining graphics rule for `.eps' on input line 4
85.

(C:\Users\Arvind Rathnashyam\AppData\Local\Programs\MiKTeX\tex/latex/00miktex\e
pstopdf-sys.cfg
File: epstopdf-sys.cfg 2021/03/18 v2.0 Configuration of epstopdf for MiKTeX
))
Package caption Info: Begin \AtBeginDocument code.
Package caption Info: float package is loaded.
Package caption Info: hyperref package is loaded.
Package caption Info: End \AtBeginDocument code.
Package hyperref Info: Link coloring OFF on input line 100.
 (Robust Linear Regression.out) (Robust Linear Regression.out)
\@outlinefile=\write4
\openout4 = `"Robust Linear Regression.out"'.


Package pgfplots Warning: running in backwards compatibility mode (unsuitable t
ick labels; missing features). Consider writing \pgfplotsset{compat=1.18} into 
your preamble.
 on input line 100.


Underfull \hbox (badness 1881) in paragraph at lines 103--103
[]\OT1/ptm/m/sc/17.28 Robust Lin-ear Re-gres-sion by Sub-Quantile
 []

LaTeX Font Info:    Trying to load font information for U+msa on input line 103
.

(C:\Users\Arvind Rathnashyam\AppData\Local\Programs\MiKTeX\tex/latex/amsfonts\u
msa.fd
File: umsa.fd 2013/01/14 v3.01 AMS symbols A
)
LaTeX Font Info:    Trying to load font information for U+msb on input line 103
.

(C:\Users\Arvind Rathnashyam\AppData\Local\Programs\MiKTeX\tex/latex/amsfonts\u
msb.fd
File: umsb.fd 2013/01/14 v3.01 AMS symbols B
)
LaTeX Font Info:    Trying to load font information for OT1+pcr on input line 1
03.

(C:\Users\Arvind Rathnashyam\AppData\Local\Programs\MiKTeX\tex/latex/psnfss\ot1
pcr.fd
File: ot1pcr.fd 2001/06/04 font definitions for OT1/pcr.
)
LaTeX Font Info:    Trying to load font information for OMS+pcr on input line 1
03.

(C:\Users\Arvind Rathnashyam\AppData\Local\Programs\MiKTeX\tex/latex/psnfss\oms
pcr.fd
File: omspcr.fd 
)
LaTeX Font Info:    Font shape `OMS/pcr/m/n' in size <10> not available
(Font)              Font shape `OMS/cmsy/m/n' tried instead on input line 103.
 [1

{C:/Users/Arvind Rathnashyam/AppData/Local/MiKTeX/fonts/map/pdftex/pdftex.map}]
 [2]
Package hyperref Info: bookmark level for unknown definition defaults to 0 on i
nput line 198.
LaTeX Font Info:    Trying to load font information for U+bbm on input line 209
.

(C:\Users\Arvind Rathnashyam\AppData\Local\Programs\MiKTeX\tex/latex/bbm\ubbm.f
d
File: ubbm.fd 1999/03/15 V 1.2 Font definition for bbm font - TH
)
Package hyperref Info: bookmark level for unknown assumption defaults to 0 on i
nput line 250.
 [3]
Underfull \hbox (badness 10000) in paragraph at lines 270--273

 []

Package hyperref Info: bookmark level for unknown thm defaults to 0 on input li
ne 280.

Package hyperref Warning: Token not allowed in a PDF string (Unicode):
(hyperref)                removing `math shift' on input line 300.


Package hyperref Warning: Token not allowed in a PDF string (Unicode):
(hyperref)                removing `\theta' on input line 300.


Package hyperref Warning: Token not allowed in a PDF string (Unicode):
(hyperref)                removing `math shift' on input line 300.


Underfull \vbox (badness 10000) has occurred while \output is active []

 [4]
Package hyperref Info: bookmark level for unknown lemma defaults to 0 on input 
line 307.
Package hyperref Info: bookmark level for unknown interpretation defaults to 0 
on input line 342.

[5]
Package hyperref Info: bookmark level for unknown proposition defaults to 0 on 
input line 395.


Package hyperref Warning: Token not allowed in a PDF string (Unicode):
(hyperref)                removing `math shift' on input line 417.


Package hyperref Warning: Token not allowed in a PDF string (Unicode):
(hyperref)                removing `\beta' on input line 417.


Package hyperref Warning: Token not allowed in a PDF string (Unicode):
(hyperref)                removing `subscript' on input line 417.


Package hyperref Warning: Token not allowed in a PDF string (Unicode):
(hyperref)                removing `math shift' on input line 417.

[6]

Package relsize Warning: Font size 6.94446pt is too small.
(relsize)                Using 7.0pt instead on input line 455.


Package relsize Warning: Font size 6.94446pt is too small.
(relsize)                Using 7.0pt instead on input line 465.


Package relsize Warning: Font size 6.94446pt is too small.
(relsize)                Using 7.0pt instead on input line 465.


Package relsize Warning: Font size 6.94446pt is too small.
(relsize)                Using 7.0pt instead on input line 465.


Package relsize Warning: Font size 6.94446pt is too small.
(relsize)                Using 7.0pt instead on input line 465.


Package relsize Warning: Font size 6.94446pt is too small.
(relsize)                Using 7.0pt instead on input line 465.


Package relsize Warning: Font size 6.94446pt is too small.
(relsize)                Using 7.0pt instead on input line 465.


Package relsize Warning: Font size 6.94446pt is too small.
(relsize)                Using 7.0pt instead on input line 465.


Package relsize Warning: Font size 6.94446pt is too small.
(relsize)                Using 7.0pt instead on input line 465.


Package relsize Warning: Font size 6.94446pt is too small.
(relsize)                Using 7.0pt instead on input line 465.


Package pgfplots Warning: Ignoring illegal input argument ymin=0: cannot apply 
log. on input line 495.

 [warning /pgfplots/warning/illegal user argument in log axis]

Package pgfplots Warning: Ignoring illegal input argument ymin=0: cannot apply 
log. on input line 581.

 [warning /pgfplots/warning/illegal user argument in log axis]

LaTeX Warning: Reference `fig:structured-linear-regression' on page 7 undefined
 on input line 686.

[7]

LaTeX Warning: Reference `eqn:OLS' on page 8 undefined on input line 909.


Overfull \hbox (16.99313pt too wide) in paragraph at lines 903--920
 [][] 
 []


Underfull \vbox (badness 3815) has occurred while \output is active []

 [8]
(final-epsilon-base-learner.tex) [9] (Robust Linear Regression.bbl
Underfull \hbox (badness 1728) in paragraph at lines 77--81
\OT1/ptm/m/n/10 nonconcave min-i-max op-ti-miza-tion?, 2019.  URL []$\OT1/pcr/m
/n/10 https : / / arxiv . org / abs / 1902 .
 []

[10]) [11]
\c@ttl@toc@sections=\count357
 (Robust Linear Regression.ptc) [12]
Underfull \vbox (badness 10000) has occurred while \output is active []

 [13]
[14]
Underfull \vbox (badness 1521) has occurred while \output is active []

 [15]
Underfull \vbox (badness 10000) has occurred while \output is active []

 [16]
[17] (residual0.tikz)
Overfull \hbox (17.07068pt too wide) in paragraph at lines 108--1143
 [][] 
 []

(residual2.tikz)
Overfull \hbox (5.61261pt too wide) in paragraph at lines 109--1150
 [][] 
 []

(residual4.tikz)
Overfull \hbox (2.50221pt too wide) in paragraph at lines 109--1157
 [][] 
 []

(residual6.tikz)
Overfull \hbox (2.49306pt too wide) in paragraph at lines 109--1164
 [][] 
 []

[18]
Overfull \hbox (36.53603pt too wide) detected at line 1222
[]
 []

[19]
Overfull \hbox (49.06316pt too wide) detected at line 1272
[]
 []

[20]

Package relsize Warning: Font size 6.94446pt is too small.
(relsize)                Using 7.0pt instead on input line 1284.


Package relsize Warning: Font size 6.94446pt is too small.
(relsize)                Using 7.0pt instead on input line 1295.


Package relsize Warning: Font size 6.94446pt is too small.
(relsize)                Using 7.0pt instead on input line 1295.


Package relsize Warning: Font size 6.94446pt is too small.
(relsize)                Using 7.0pt instead on input line 1295.


Package relsize Warning: Font size 6.94446pt is too small.
(relsize)                Using 7.0pt instead on input line 1295.


Package relsize Warning: Font size 6.94446pt is too small.
(relsize)                Using 7.0pt instead on input line 1295.


Package relsize Warning: Font size 6.94446pt is too small.
(relsize)                Using 7.0pt instead on input line 1295.


Package relsize Warning: Font size 6.94446pt is too small.
(relsize)                Using 7.0pt instead on input line 1295.


Package relsize Warning: Font size 6.94446pt is too small.
(relsize)                Using 7.0pt instead on input line 1295.


Package relsize Warning: Font size 6.94446pt is too small.
(relsize)                Using 7.0pt instead on input line 1295.


Package relsize Warning: Font size 6.94446pt is too small.
(relsize)                Using 7.0pt instead on input line 1295.


Underfull \hbox (badness 10000) in paragraph at lines 1277--1298
\OT1/ptm/m/n/10 In the age of big data, stochas-tic meth-ods are nec-es-sary fo
r fast train-ing of
 []


Underfull \hbox (badness 10000) in paragraph at lines 1277--1298
\OT1/ptm/m/n/10 mod-els to han-dle large amounts of data. In this sec-tion we w
ill pro-vide
 []


Underfull \hbox (badness 10000) in paragraph at lines 1277--1298
\OT1/ptm/m/n/10 an al-go-rithm for Stochas-tic Sub-Quantile Op-ti-miza-tion and
 []prove con-ver-gence[].
 []

[21]

LaTeX Warning: Reference `eqn:OLS' on page 22 undefined on input line 1314.


LaTeX Warning: Reference `eqn:OLS' on page 22 undefined on input line 1338.


LaTeX Warning: Reference `eqn:OLS' on page 22 undefined on input line 1363.

[22]
\tf@ptc=\write5
\openout5 = `"Robust Linear Regression.ptc"'.

 [23] (Robust Linear Regression.aux)

LaTeX Warning: There were undefined references.

Package rerunfilecheck Info: File `"Robust Linear Regression".out' has not chan
ged.
(rerunfilecheck)             Checksum: 8A17EF5BB85502CE2A5D4E0AA686CBED;6424.
 ) 
Here is how much of TeX's memory you used:
 40903 strings out of 478338
 988148 string characters out of 2830528
 1475599 words of memory out of 3000000
 58356 multiletter control sequences out of 15000+600000
 500768 words of font info for 96 fonts, out of 8000000 for 9000
 1141 hyphenation exceptions out of 8191
 100i,19n,104p,9824b,2549s stack positions out of 10000i,1000n,20000p,200000b,80000s
 <C:\Users\Arvind Rathnashyam\AppData\Local\MiKTeX\fonts/pk/ljfour/public/bbm
/dpi600\bbm10.pk>{C:/Users/Arvind Rathnashyam/AppData/Local/Programs/MiKTeX/fon
ts/enc/dvips/base/8r.enc}<C:/Users/Arvind Rathnashyam/AppData/Local/Programs/Mi
KTeX/fonts/type1/public/amsfonts/cm/cmbx10.pfb><C:/Users/Arvind Rathnashyam/App
Data/Local/Programs/MiKTeX/fonts/type1/public/amsfonts/cm/cmbx7.pfb><C:/Users/A
rvind Rathnashyam/AppData/Local/Programs/MiKTeX/fonts/type1/public/amsfonts/cm/
cmex10.pfb><C:/Users/Arvind Rathnashyam/AppData/Local/Programs/MiKTeX/fonts/typ
e1/public/amsfonts/cm/cmmi10.pfb><C:/Users/Arvind Rathnashyam/AppData/Local/Pro
grams/MiKTeX/fonts/type1/public/amsfonts/cm/cmmi5.pfb><C:/Users/Arvind Rathnash
yam/AppData/Local/Programs/MiKTeX/fonts/type1/public/amsfonts/cm/cmmi7.pfb><C:/
Users/Arvind Rathnashyam/AppData/Local/Programs/MiKTeX/fonts/type1/public/amsfo
nts/cm/cmmib10.pfb><C:/Users/Arvind Rathnashyam/AppData/Local/Programs/MiKTeX/f
onts/type1/public/amsfonts/cmextra/cmmib7.pfb><C:/Users/Arvind Rathnashyam/AppD
ata/Local/Programs/MiKTeX/fonts/type1/public/amsfonts/cm/cmr10.pfb><C:/Users/Ar
vind Rathnashyam/AppData/Local/Programs/MiKTeX/fonts/type1/public/amsfonts/cm/c
mr7.pfb><C:/Users/Arvind Rathnashyam/AppData/Local/Programs/MiKTeX/fonts/type1/
public/amsfonts/cm/cmsy10.pfb><C:/Users/Arvind Rathnashyam/AppData/Local/Progra
ms/MiKTeX/fonts/type1/public/amsfonts/cm/cmsy5.pfb><C:/Users/Arvind Rathnashyam
/AppData/Local/Programs/MiKTeX/fonts/type1/public/amsfonts/cm/cmsy6.pfb><C:/Use
rs/Arvind Rathnashyam/AppData/Local/Programs/MiKTeX/fonts/type1/public/amsfonts
/cm/cmsy7.pfb><C:/Users/Arvind Rathnashyam/AppData/Local/Programs/MiKTeX/fonts/
type1/public/amsfonts/symbols/msbm10.pfb><C:/Users/Arvind Rathnashyam/AppData/L
ocal/Programs/MiKTeX/fonts/type1/public/amsfonts/symbols/msbm7.pfb><C:/Users/Ar
vind Rathnashyam/AppData/Local/Programs/MiKTeX/fonts/type1/urw/courier/ucrr8a.p
fb><C:/Users/Arvind Rathnashyam/AppData/Local/Programs/MiKTeX/fonts/type1/urw/t
imes/utmb8a.pfb><C:/Users/Arvind Rathnashyam/AppData/Local/Programs/MiKTeX/font
s/type1/urw/times/utmbi8a.pfb><C:/Users/Arvind Rathnashyam/AppData/Local/Progra
ms/MiKTeX/fonts/type1/urw/times/utmr8a.pfb><C:/Users/Arvind Rathnashyam/AppData
/Local/Programs/MiKTeX/fonts/type1/urw/times/utmri8a.pfb>
Output written on "Robust Linear Regression.pdf" (23 pages, 481759 bytes).
PDF statistics:
 857 PDF objects out of 1000 (max. 8388607)
 279 named destinations out of 1000 (max. 500000)
 333 words of extra memory for PDF output out of 10000 (max. 10000000)

