\BOOKMARK [1][-]{section.1}{\376\377\000I\000n\000t\000r\000o\000d\000u\000c\000t\000i\000o\000n}{}% 1
\BOOKMARK [2][-]{subsection.1.1}{\376\377\000M\000o\000t\000i\000v\000a\000t\000i\000o\000n\000s}{section.1}% 2
\BOOKMARK [2][-]{subsection.1.2}{\376\377\000C\000o\000n\000t\000r\000i\000b\000u\000t\000i\000o\000n\000s}{section.1}% 3
\BOOKMARK [1][-]{section.2}{\376\377\000R\000e\000l\000a\000t\000e\000d\000\040\000W\000o\000r\000k}{}% 4
\BOOKMARK [1][-]{section.3}{\376\377\000S\000u\000b\000q\000u\000a\000n\000t\000i\000l\000e\000\040\000O\000p\000t\000i\000m\000i\000z\000a\000t\000i\000o\000n}{}% 5
\BOOKMARK [1][-]{section.4}{\376\377\000T\000h\000e\000o\000r\000y}{}% 6
\BOOKMARK [2][-]{subsection.4.1}{\376\377\000A\000n\000a\000l\000y\000s\000i\000s\000\040\000o\000f\000\040\000g\000\050\000t\000,\000\051}{section.4}% 7
\BOOKMARK [2][-]{subsection.4.2}{\376\377\000O\000p\000t\000i\000m\000i\000z\000a\000t\000i\000o\000n}{section.4}% 8
\BOOKMARK [2][-]{subsection.4.3}{\376\377\000C\000o\000n\000v\000e\000r\000g\000i\000n\000g\000\040\000t\000o\000\040\000P}{section.4}% 9
\BOOKMARK [1][-]{section.5}{\376\377\000E\000m\000p\000i\000r\000i\000c\000a\000l\000\040\000R\000e\000s\000u\000l\000t\000s}{}% 10
\BOOKMARK [2][-]{subsection.5.1}{\376\377\000S\000y\000n\000t\000h\000e\000t\000i\000c\000\040\000D\000a\000t\000a}{section.5}% 11
\BOOKMARK [2][-]{subsection.5.2}{\376\377\000R\000e\000a\000l\000\040\000D\000a\000t\000a}{section.5}% 12
\BOOKMARK [1][-]{section.6}{\376\377\000C\000o\000n\000c\000l\000u\000s\000i\000o\000n}{}% 13
\BOOKMARK [1][-]{appendix.A}{\376\377\000L\000i\000n\000e\000a\000r\000\040\000A\000l\000g\000e\000b\000r\000a\000\040\000a\000n\000d\000\040\000P\000r\000o\000b\000a\000b\000i\000l\000i\000t\000y\000\040\000T\000h\000e\000o\000r\000y\000\040\000P\000r\000e\000l\000i\000m\000i\000n\000a\000r\000i\000e\000s}{}% 14
\BOOKMARK [1][-]{appendix.B}{\376\377\000T\000h\000e\000o\000r\000y\000\040\000f\000o\000r\000\040\000R\000i\000d\000g\000e\000\040\000R\000e\000g\000r\000e\000s\000s\000i\000o\000n\000\040\000A\000l\000g\000o\000r\000i\000t\000h\000m\000\040\0002}{}% 15
\BOOKMARK [2][-]{subsection.B.1}{\376\377\000P\000r\000o\000o\000f\000\040\000o\000f\000\040\000T\000h\000e\000o\000r\000e\000m\000\040\000?\000?}{appendix.B}% 16
\BOOKMARK [1][-]{appendix.C}{\376\377\000P\000r\000o\000o\000f\000s\000\040\000f\000o\000r\000\040\000\050\000t\000\051}{}% 17
\BOOKMARK [1][-]{appendix.D}{\376\377\000T\000h\000e\000o\000r\000y\000\040\000f\000o\000r\000\040\000S\000u\000b\000q\000u\000a\000n\000t\000i\000l\000e\000\040\000M\000i\000n\000i\000m\000i\000z\000a\000t\000i\000o\000n}{}% 18
\BOOKMARK [2][-]{subsection.D.1}{\376\377\000D\000e\000r\000i\000v\000a\000t\000i\000o\000n\000\040\000o\000f\000\040\000L\000e\000m\000m\000a\000\040\0000\000.\0002}{appendix.D}% 19
\BOOKMARK [2][-]{subsection.D.2}{\376\377\000D\000e\000r\000i\000v\000a\000t\000i\000o\000n\000\040\000o\000f\000\040\000L\000e\000m\000m\000a\000\040\0000\000.\0003}{appendix.D}% 20
\BOOKMARK [2][-]{subsection.D.3}{\376\377\000D\000e\000r\000i\000v\000a\000t\000i\000o\000n\000\040\000o\000f\000\040\000L\000e\000m\000m\000a\000\040\0000\000.\0005}{appendix.D}% 21
\BOOKMARK [2][-]{subsection.D.4}{\376\377\000P\000r\000o\000o\000f\000\040\000o\000f\000\040\000L\000e\000m\000m\000a\000\040\0000\000.\0006}{appendix.D}% 22
\BOOKMARK [1][-]{appendix.E}{\376\377\000T\000h\000e\000o\000r\000y\000\040\000f\000o\000r\000\040\000A\000d\000a\000p\000t\000i\000v\000e\000\040\000L\000i\000n\000e\000a\000r\000\040\000C\000o\000r\000r\000u\000p\000t\000i\000o\000n}{}% 23
\BOOKMARK [2][-]{subsection.E.1}{\376\377\000P\000r\000o\000o\000f\000\040\000o\000f\000\040\000T\000h\000e\000o\000r\000e\000m\000\040\0002}{appendix.E}% 24
\BOOKMARK [2][-]{subsection.E.2}{\376\377\000P\000r\000o\000o\000f\000\040\000o\000f\000\040\000T\000h\000e\000o\000r\000e\000m\000\040\000\040\000?\000?}{appendix.E}% 25
\BOOKMARK [1][-]{appendix.F}{\376\377\000P\000r\000o\000o\000f\000s\000\040\000f\000o\000r\000\040\000C\000o\000n\000v\000e\000r\000g\000e\000n\000c\000e}{}% 26
\BOOKMARK [2][-]{subsection.F.1}{\376\377\000P\000r\000o\000o\000f\000\040\000o\000f\000\040\000T\000h\000e\000o\000r\000e\000m\000\040\000\040\0001}{appendix.F}% 27
\BOOKMARK [2][-]{subsection.F.2}{\376\377\000E\000x\000p\000e\000c\000t\000a\000t\000i\000o\000n\000\040\000o\000f\000\040\000I\000m\000p\000r\000o\000v\000e\000m\000e\000n\000t}{appendix.F}% 28
\BOOKMARK [1][-]{appendix.G}{\376\377\000S\000t\000o\000c\000h\000a\000s\000t\000i\000c\000\040\000S\000u\000b\000q\000u\000a\000n\000t\000i\000l\000e\000\040\000O\000p\000t\000i\000m\000i\000z\000a\000t\000i\000o\000n}{}% 29
\BOOKMARK [1][-]{appendix.H}{\376\377\000A\000d\000d\000i\000t\000i\000o\000n\000a\000l\000\040\000E\000x\000p\000e\000r\000i\000m\000e\000n\000t\000s}{}% 30
\BOOKMARK [2][-]{subsection.H.1}{\376\377\000Q\000u\000a\000d\000r\000a\000t\000i\000c\000\040\000R\000e\000g\000r\000e\000s\000s\000i\000o\000n}{appendix.H}% 31
\BOOKMARK [2][-]{subsection.H.2}{\376\377\000A\000b\000a\000l\000o\000n\000e}{appendix.H}% 32
\BOOKMARK [2][-]{subsection.H.3}{\376\377\000C\000a\000l\000-\000H\000o\000u\000s\000i\000n\000g}{appendix.H}% 33
\BOOKMARK [1][-]{appendix.I}{\376\377\000E\000x\000p\000e\000r\000i\000m\000e\000n\000t\000a\000l\000\040\000D\000e\000t\000a\000i\000l\000s}{}% 34
\BOOKMARK [2][-]{subsection.I.1}{\376\377\000A\000d\000a\000p\000t\000i\000v\000e\000\040\000L\000i\000n\000e\000a\000r\000\040\000R\000e\000g\000r\000e\000s\000s\000i\000o\000n\000\040\000D\000a\000t\000a\000s\000e\000t}{appendix.I}% 35
\BOOKMARK [2][-]{subsection.I.2}{\376\377\000O\000b\000l\000i\000v\000i\000o\000u\000s\000\040\000L\000i\000n\000e\000a\000r\000\040\000R\000e\000g\000r\000e\000s\000s\000i\000o\000n\000\040\000D\000a\000t\000a\000s\000e\000t}{appendix.I}% 36
\BOOKMARK [2][-]{subsection.I.3}{\376\377\000Q\000u\000a\000d\000r\000a\000t\000i\000c\000\040\000R\000e\000g\000r\000e\000s\000s\000i\000o\000n\000\040\000D\000a\000t\000a\000s\000e\000t}{appendix.I}% 37
\BOOKMARK [2][-]{subsection.I.4}{\376\377\000D\000r\000u\000g\000\040\000D\000i\000s\000c\000o\000v\000e\000r\000y\000\040\000D\000a\000t\000a\000s\000e\000t}{appendix.I}% 38
\BOOKMARK [2][-]{subsection.I.5}{\376\377\000F\000e\000a\000t\000u\000r\000e\000\040\000N\000o\000i\000s\000e}{appendix.I}% 39
